<?xml version="1.0" encoding="UTF-8"?>
<!-- Generated by org.testng.reporters.JUnitXMLReporter -->
<testsuite hostname="DESKTOP-QOOVQF0" ignored="1" name="Test" tests="7" failures="0" timestamp="2023-08-17T17:14:13 IST" time="54.191" errors="0">
  <testcase name="Login22" time="23.169" classname="sdet.Login1"/>
  <testcase name="Login11" time="23.229" classname="sdet.Login3"/>
  <testcase name="Login11" time="23.245" classname="sdet.Login2"/>
  <testcase name="Login22" time="23.324" classname="sdet.Login2"/>
  <testcase name="Login11" time="23.326" classname="sdet.Login1"/>
  <testcase name="Login22" time="9.72" classname="sdet.Login3"/>
  <testcase name="testLoginData" time="3.707" classname="nopcom.Login"/>
  <testcase name="@BeforeTest openapp" time="0.0" classname="generic.Generic">
    <ignored/>
  </testcase> <!-- @BeforeTest openapp -->
</testsuite> <!-- Test -->
