<?xml version="1.0" encoding="UTF-8"?>
<!-- Generated by org.testng.reporters.JUnitXMLReporter -->
<testsuite hostname="DESKTOP-QOOVQF0" ignored="1" name="Test" tests="7" failures="0" timestamp="2023-08-17T17:06:40 IST" time="48.505" errors="0">
  <testcase name="Login11" time="19.368" classname="sdet.Login3"/>
  <testcase name="Login11" time="19.429" classname="sdet.Login2"/>
  <testcase name="Login11" time="19.429" classname="sdet.Login1"/>
  <testcase name="Login22" time="28.715" classname="sdet.Login2"/>
  <testcase name="Login22" time="28.746" classname="sdet.Login1"/>
  <testcase name="Login22" time="12.931" classname="sdet.Login3"/>
  <testcase name="testLoginData" time="3.913" classname="nopcom.Login"/>
  <testcase name="@BeforeTest openapp" time="0.0" classname="generic.Generic">
    <ignored/>
  </testcase> <!-- @BeforeTest openapp -->
</testsuite> <!-- Test -->
